<?xml version='1.0' encoding='UTF-8'?>
<testsuite hostname="tw-mbp-manderson" name="com.twitter.manderson.mvc.tests.UserSuite" tests="3" errors="0" failures="1" time="0.202">
                <properties>
[...]
</properties>
                <testcase classname="com.twitter.manderson.mvc.tests.UserSuite" name="save" time="0.122"> 
                    </testcase><testcase classname="com.twitter.manderson.mvc.tests.UserSuite" name="findById" time="0.04"> 
                    </testcase><testcase classname="com.twitter.manderson.mvc.tests.UserSuite" name="tweets" time="0.04"> <failure message="Unknown column 'user.username' in 'field list'" type="com.twitter.finagle.mysql.ServerError">com.twitter.finagle.mysql.ServerError: Unknown column 'user.username' in 'field list'
	at com.twitter.finagle.mysql.ClientDispatcher$$anonfun$com$twitter$finagle$mysql$ClientDispatcher$$decodePacket$3.apply(ClientDispatcher.scala:215)
	at com.twitter.finagle.mysql.ClientDispatcher$$anonfun$com$twitter$finagle$mysql$ClientDispatcher$$decodePacket$3.apply(ClientDispatcher.scala:213)
	at com.twitter.util.Future$$anonfun$flatMap$1.apply(Future.scala:1092)
	at com.twitter.util.Future$$anonfun$flatMap$1.apply(Future.scala:1091)
	at com.twitter.util.ConstFuture$$anon$6.run(Future.scala:1481)
	at com.twitter.concurrent.LocalScheduler$Activation.run(Scheduler.scala:200)
	at com.twitter.concurrent.LocalScheduler$Activation.submit(Scheduler.scala:158)
	at com.twitter.concurrent.LocalScheduler.submit(Scheduler.scala:272)
	at com.twitter.concurrent.Scheduler$.submit(Scheduler.scala:108)
	at com.twitter.util.Promise.runq(Promise.scala:405)
	at com.twitter.util.Promise.updateIfEmpty(Promise.scala:796)
	at com.twitter.util.Promise.update(Promise.scala:770)
	at com.twitter.util.Promise.setValue(Promise.scala:746)
	at com.twitter.concurrent.AsyncQueue.offer(AsyncQueue.scala:120)
	at com.twitter.finagle.netty3.transport.ChannelTransport.handleUpstream(ChannelTransport.scala:55)
	at org.jboss.netty.channel.DefaultChannelPipeline.sendUpstream(DefaultChannelPipeline.java:564)
	at org.jboss.netty.channel.DefaultChannelPipeline$DefaultChannelHandlerContext.sendUpstream(DefaultChannelPipeline.java:791)
	at org.jboss.netty.channel.Channels.fireMessageReceived(Channels.java:296)
	at org.jboss.netty.handler.codec.frame.FrameDecoder.unfoldAndFireMessageReceived(FrameDecoder.java:462)
	at org.jboss.netty.handler.codec.frame.FrameDecoder.callDecode(FrameDecoder.java:443)
	at org.jboss.netty.handler.codec.frame.FrameDecoder.messageReceived(FrameDecoder.java:303)
	at org.jboss.netty.channel.SimpleChannelUpstreamHandler.handleUpstream(SimpleChannelUpstreamHandler.java:70)
	at org.jboss.netty.channel.DefaultChannelPipeline.sendUpstream(DefaultChannelPipeline.java:564)
	at org.jboss.netty.channel.DefaultChannelPipeline$DefaultChannelHandlerContext.sendUpstream(DefaultChannelPipeline.java:791)
	at org.jboss.netty.channel.SimpleChannelHandler.messageReceived(SimpleChannelHandler.java:142)
	at com.twitter.finagle.netty3.channel.ChannelStatsHandler.messageReceived(ChannelStatsHandler.scala:68)
	at org.jboss.netty.channel.SimpleChannelHandler.handleUpstream(SimpleChannelHandler.java:88)
	at org.jboss.netty.channel.DefaultChannelPipeline.sendUpstream(DefaultChannelPipeline.java:564)
	at org.jboss.netty.channel.DefaultChannelPipeline$DefaultChannelHandlerContext.sendUpstream(DefaultChannelPipeline.java:791)
	at org.jboss.netty.channel.SimpleChannelHandler.messageReceived(SimpleChannelHandler.java:142)
	at com.twitter.finagle.netty3.channel.ChannelRequestStatsHandler.messageReceived(ChannelRequestStatsHandler.scala:32)
	at org.jboss.netty.channel.SimpleChannelHandler.handleUpstream(SimpleChannelHandler.java:88)
	at org.jboss.netty.channel.DefaultChannelPipeline.sendUpstream(DefaultChannelPipeline.java:564)
	at org.jboss.netty.channel.DefaultChannelPipeline.sendUpstream(DefaultChannelPipeline.java:559)
	at org.jboss.netty.channel.Channels.fireMessageReceived(Channels.java:268)
	at org.jboss.netty.channel.Channels.fireMessageReceived(Channels.java:255)
	at org.jboss.netty.channel.socket.nio.NioWorker.read(NioWorker.java:88)
	at org.jboss.netty.channel.socket.nio.AbstractNioWorker.process(AbstractNioWorker.java:108)
	at org.jboss.netty.channel.socket.nio.AbstractNioSelector.run(AbstractNioSelector.java:337)
	at org.jboss.netty.channel.socket.nio.AbstractNioWorker.run(AbstractNioWorker.java:89)
	at org.jboss.netty.channel.socket.nio.NioWorker.run(NioWorker.java:178)
	at org.jboss.netty.util.ThreadRenamingRunnable.run(ThreadRenamingRunnable.java:108)
	at org.jboss.netty.util.internal.DeadLockProofWorker$1.run(DeadLockProofWorker.java:42)
	at java.util.concurrent.ThreadPoolExecutor.runWorker(ThreadPoolExecutor.java:1142)
	at java.util.concurrent.ThreadPoolExecutor$Worker.run(ThreadPoolExecutor.java:617)
	at com.twitter.finagle.util.ProxyThreadFactory$$anonfun$newProxiedRunnable$1$$anon$1.run(ProxyThreadFactory.scala:19)
	at java.lang.Thread.run(Thread.java:745)
</failure>
                    </testcase>
                <system-out></system-out>
                <system-err></system-err>
                </testsuite>